Determining if the pthread_create exist failed with the following output:
Change Dir: /home/fox/workspace/cs480Fox/PA3/build/CMakeFiles/CMakeTmp

Run Build Command:"/usr/bin/make" "cmTryCompileExec2494241612/fast"
/usr/bin/make -f CMakeFiles/cmTryCompileExec2494241612.dir/build.make CMakeFiles/cmTryCompileExec2494241612.dir/build
make[1]: Entering directory `/home/fox/workspace/cs480Fox/PA3/build/CMakeFiles/CMakeTmp'
/usr/bin/cmake -E cmake_progress_report /home/fox/workspace/cs480Fox/PA3/build/CMakeFiles/CMakeTmp/CMakeFiles 1
Building C object CMakeFiles/cmTryCompileExec2494241612.dir/CheckSymbolExists.c.o
/usr/bin/cc    -o CMakeFiles/cmTryCompileExec2494241612.dir/CheckSymbolExists.c.o   -c /home/fox/workspace/cs480Fox/PA3/build/CMakeFiles/CMakeTmp/CheckSymbolExists.c
Linking C executable cmTryCompileExec2494241612
/usr/bin/cmake -E cmake_link_script CMakeFiles/cmTryCompileExec2494241612.dir/link.txt --verbose=1
/usr/bin/cc       CMakeFiles/cmTryCompileExec2494241612.dir/CheckSymbolExists.c.o  -o cmTryCompileExec2494241612 -rdynamic 
CMakeFiles/cmTryCompileExec2494241612.dir/CheckSymbolExists.c.o: In function `main':
CheckSymbolExists.c:(.text+0x16): undefined reference to `pthread_create'
collect2: error: ld returned 1 exit status
make[1]: Leaving directory `/home/fox/workspace/cs480Fox/PA3/build/CMakeFiles/CMakeTmp'
make[1]: *** [cmTryCompileExec2494241612] Error 1
make: *** [cmTryCompileExec2494241612/fast] Error 2

File /home/fox/workspace/cs480Fox/PA3/build/CMakeFiles/CMakeTmp/CheckSymbolExists.c:
/* */
#include <pthread.h>

int main(int argc, char** argv)
{
  (void)argv;
#ifndef pthread_create
  return ((int*)(&pthread_create))[argc];
#else
  (void)argc;
  return 0;
#endif
}

Determining if the function pthread_create exists in the pthreads failed with the following output:
Change Dir: /home/fox/workspace/cs480Fox/PA3/build/CMakeFiles/CMakeTmp

Run Build Command:"/usr/bin/make" "cmTryCompileExec2582168374/fast"
/usr/bin/make -f CMakeFiles/cmTryCompileExec2582168374.dir/build.make CMakeFiles/cmTryCompileExec2582168374.dir/build
make[1]: Entering directory `/home/fox/workspace/cs480Fox/PA3/build/CMakeFiles/CMakeTmp'
/usr/bin/cmake -E cmake_progress_report /home/fox/workspace/cs480Fox/PA3/build/CMakeFiles/CMakeTmp/CMakeFiles 1
Building C object CMakeFiles/cmTryCompileExec2582168374.dir/CheckFunctionExists.c.o
/usr/bin/cc   -DCHECK_FUNCTION_EXISTS=pthread_create   -o CMakeFiles/cmTryCompileExec2582168374.dir/CheckFunctionExists.c.o   -c /usr/share/cmake-3.2/Modules/CheckFunctionExists.c
Linking C executable cmTryCompileExec2582168374
/usr/bin/cmake -E cmake_link_script CMakeFiles/cmTryCompileExec2582168374.dir/link.txt --verbose=1
/usr/bin/cc   -DCHECK_FUNCTION_EXISTS=pthread_create    CMakeFiles/cmTryCompileExec2582168374.dir/CheckFunctionExists.c.o  -o cmTryCompileExec2582168374 -rdynamic -lpthreads 
/usr/bin/ld: cannot find -lpthreads
collect2: error: ld returned 1 exit status
make[1]: Leaving directory `/home/fox/workspace/cs480Fox/PA3/build/CMakeFiles/CMakeTmp'
make[1]: *** [cmTryCompileExec2582168374] Error 1
make: *** [cmTryCompileExec2582168374/fast] Error 2


